[2023-03-14T01:13:35.595+0000] {taskinstance.py:1083} INFO - Dependencies all met for <TaskInstance: example_sensor_decorator.dummy_operator manual__2023-03-14T01:13:33.748251+00:00 [queued]>
[2023-03-14T01:13:35.611+0000] {taskinstance.py:1083} INFO - Dependencies all met for <TaskInstance: example_sensor_decorator.dummy_operator manual__2023-03-14T01:13:33.748251+00:00 [queued]>
[2023-03-14T01:13:35.612+0000] {taskinstance.py:1279} INFO - 
--------------------------------------------------------------------------------
[2023-03-14T01:13:35.613+0000] {taskinstance.py:1280} INFO - Starting attempt 1 of 1
[2023-03-14T01:13:35.613+0000] {taskinstance.py:1281} INFO - 
--------------------------------------------------------------------------------
[2023-03-14T01:13:35.631+0000] {taskinstance.py:1300} INFO - Executing <Task(_PythonDecoratedOperator): dummy_operator> on 2023-03-14 01:13:33.748251+00:00
[2023-03-14T01:13:35.691+0000] {standard_task_runner.py:55} INFO - Started process 666 to run task
[2023-03-14T01:13:35.694+0000] {standard_task_runner.py:82} INFO - Running: ['***', 'tasks', 'run', 'example_sensor_decorator', 'dummy_operator', 'manual__2023-03-14T01:13:33.748251+00:00', '--job-id', '4', '--raw', '--subdir', '/home/***/.local/lib/python3.7/site-packages/***/example_dags/example_sensor_decorator.py', '--cfg-path', '/tmp/tmp4dunh_mv']
[2023-03-14T01:13:35.695+0000] {standard_task_runner.py:83} INFO - Job 4: Subtask dummy_operator
[2023-03-14T01:13:35.767+0000] {task_command.py:388} INFO - Running <TaskInstance: example_sensor_decorator.dummy_operator manual__2023-03-14T01:13:33.748251+00:00 [running]> on host 87b2930cbf64
[2023-03-14T01:13:35.846+0000] {taskinstance.py:1509} INFO - Exporting the following env vars:
AIRFLOW_CTX_DAG_OWNER=***
AIRFLOW_CTX_DAG_ID=example_sensor_decorator
AIRFLOW_CTX_TASK_ID=dummy_operator
AIRFLOW_CTX_EXECUTION_DATE=2023-03-14T01:13:33.748251+00:00
AIRFLOW_CTX_TRY_NUMBER=1
AIRFLOW_CTX_DAG_RUN_ID=manual__2023-03-14T01:13:33.748251+00:00
[2023-03-14T01:13:35.847+0000] {python.py:177} INFO - Done. Returned value was: None
[2023-03-14T01:13:35.860+0000] {taskinstance.py:1323} INFO - Marking task as SUCCESS. dag_id=example_sensor_decorator, task_id=dummy_operator, execution_date=20230314T011333, start_date=20230314T011335, end_date=20230314T011335
[2023-03-14T01:13:35.907+0000] {local_task_job.py:208} INFO - Task exited with return code 0
[2023-03-14T01:13:35.926+0000] {taskinstance.py:2578} INFO - 0 downstream tasks scheduled from follow-on schedule check
